Removed Parameter SAP Tanim:153300020125 from Part R?
Removed Parameter SAP Tanim:- from Part R?
Removed Parameter SAP Tanim:- from Part R?
Removed Parameter SAP Tanim:- from Part R?
Removed Parameter SAP Tanim:- from Part RV?
Removed Parameter SAP Tanim:- from Part R?
Removed Parameter SAP Tanim:- from Part R?
Removed Parameter SAP Tanim:- from Part R?
Removed Parameter SAP Tanim:- from Part R?
Removed Parameter SAP Tanim:- from Part R?
Removed Parameter SAP Tanim:- from Part R?
Removed Parameter SAP Tanim:- from Part R?
Removed Parameter SAP Tanim:- from Part R?
Removed Parameter SAP Tanim:- from Part R?
Removed Parameter SAP Tanim:- from Part R?
Removed Parameter SAP Tanim:- from Part R?
Removed Parameter SAP Tanim:- from Part R?
Removed Parameter SAP Tanim:- from Part R?
Removed Parameter SAP Tanim:- from Part R?
Removed Parameter SAP Tanim:- from Part R?
Removed Parameter SAP Tanim:- from Part R?
Removed Parameter SAP Tanim:- from Part R?
Removed Parameter SAP Tanim:- from Part R?
Removed Parameter SAP Tanim:- from Part R?
Removed Parameter SAP Tanim:- from Part R?
Removed Parameter SAP Tanim:- from Part R?
Removed Parameter SAP Tanim:- from Part R?
Removed Parameter SAP Tanim:- from Part R?
Removed Parameter SAP Tanim:- from Part R?
Removed Parameter SAP Tanim:- from Part R?
Removed Parameter SAP Tanim:- from Part R?
Removed Parameter SAP Tanim:- from Part R?
Removed Parameter SAP Tanim:- from Part R?
Removed Parameter SAP Tanim:- from Part R?
Removed Parameter SAP Tanim:- from Part R?
Removed Parameter SAP Tanim:- from Part R?
Removed Parameter SAP Tanim:- from Part R?
Removed Parameter SAP Tanim:- from Part R?
Removed Parameter SAP Tanim:- from Part R?
Removed Parameter SAP Tanim:- from Part R?
Removed Parameter SAP Tanim:- from Part R?
Removed Parameter SAP Tanim:- from Part R?
Removed Parameter SAP Tanim:- from Part R?
Removed Parameter SAP Tanim:- from Part R?
Removed Parameter SAP Tanim:- from Part R?
Removed Parameter SAP Tanim:- from Part R?
Removed Parameter SAP Tanim:- from Part R?
Removed Parameter SAP Tanim:- from Part R?
Removed Parameter SAP Tanim:- from Part R?
Removed Parameter SAP Tanim:- from Part R?
Removed Parameter SAP Tanim:- from Part R?
Removed Parameter SAP Tanim:- from Part R?
Removed Parameter SAP Tanim:- from Part R?
Removed Parameter SAP Tanim:- from Part R?
Removed Parameter SAP Tanim:- from Part R?
Removed Parameter SAP Tanim:- from Part R?
Removed Parameter SAP Tanim:- from Part R?
Removed Parameter SAP Tanim:- from Part R?
Removed Parameter SAP Tanim:- from Part R?
Removed Parameter SAP Tanim:- from Part R?
Removed Parameter SAP Tanim:- from Part R?
Removed Parameter SAP Tanim:- from Part R?
Removed Parameter SAP Tanim:- from Part R?
Removed Parameter SAP Tanim:- from Part R?
Removed Parameter SAP Tanim:- from Part R?
Removed Parameter SAP Tanim:- from Part R?
Removed Parameter SAP Tanim:- from Part R?
Removed Parameter SAP Tanim:- from Part R?
Removed Parameter SAP Tanim:- from Part R?
Removed Parameter SAP Tanim:Chip resistor 0,1R %1 1/16W 0402 from Part R?
Removed Parameter SAP Tanim:Chip Resistor 0.33R %1 1/16W 0402 from Part R?
Removed Parameter SAP Tanim:Chip Resistor 1M %1 1/16W 0402 from Part R?
Removed Parameter SAP Tanim:Chip Resistor 2.2R %1 1/16W 0402 from Part R?
Removed Parameter SAP Tanim:Chip Resistor 2.4R %1 1/16W 0402 from Part R?
Removed Parameter SAP Tanim:Chip Resistor 2.49R %1 1/16W 0402 from Part R?
Removed Parameter SAP Tanim:Chip Resistor 7.5K %1 1/16W 0402 from Part R?
Removed Parameter SAP Tanim:Chip Resistor 10R, %1, 1/16W, 0402 from Part R?
Removed Parameter SAP Tanim:Chip Resistor 12.4K, %1, 1/16W, 0402 from Part R?
Removed Parameter SAP Tanim:Chip resistor 27K %1 1/16W 0402 from Part R?
Removed Parameter SAP Tanim:Chip Resistor 33R %5 1/16W 0402 from Part R?
Removed Parameter SAP Tanim:Chip Resistor 39.2K, %1, 1/16W, 0402 from Part R?
Removed Parameter SAP Tanim:Chip Resistor 47.5K %1 1/16W 0402 from Part R?
Removed Parameter SAP Tanim:Chip resistor 47K %1 1/16W 0402 from Part R?
Removed Parameter SAP Tanim:Chip Resistor 49.9R, %1, 1/16W, 0402 from Part R?
Removed Parameter SAP Tanim:Chip Resistor 51K %1 1/16W 0402 from Part R?
Removed Parameter SAP Tanim:Chip Resistor 61.9K, %1, 1/16W, 0402 from Part R?
Removed Parameter SAP Tanim:Chip Resistor 100R %5 1/8W 0805 from Part R?
Removed Parameter SAP Tanim:Chip Resistor 120K %1 1/16W 0402 from Part R?
Removed Parameter SAP Tanim:Chip resistor 160K %1 1/16W 0402 from Part R?
Removed Parameter SAP Tanim:Chip Resistor 220K %1 1/16W 0402 from Part R?
Removed Parameter SAP Tanim:Chip Resistor 240K %1 1/16W 0402 from Part R?
Removed Parameter SAP Tanim:Chip Resistor 300K %1 1/16W 0402 from Part R?
Change Value of Parameter Stock ID in Part R? Old=? New=??
Change Value of Parameter Stock ID in Part R? Old=? New=??
Change Value of Parameter Stock ID in Part R? Old=? New=??
Change Value of Parameter Stock ID in Part RV? Old=? New=??
Change Value of Parameter Stock ID in Part R? Old=? New=??
Change Value of Parameter Stock ID in Part R? Old=? New=??
Change Value of Parameter Stock ID in Part R? Old=? New=??
Change Value of Parameter Stock ID in Part R? Old=? New=??
Change Value of Parameter Stock ID in Part R? Old=? New=??
Change Value of Parameter Stock ID in Part R? Old=103300010081 New=??
Change Value of Parameter Stock ID in Part R? Old=? New=??
Change Value of Parameter Stock ID in Part R? Old=102000000234 New=??
Change Value of Parameter Stock ID in Part R? Old=153300020006 New=??
Change Value of Parameter Stock ID in Part R? Old=102200880018 New=??
Change Value of Parameter Stock ID in Part R? Old=153300020017 New=??
Change Value of Parameter Stock ID in Part R? Old=153300020016 New=??
Change Value of Parameter Stock ID in Part R? Old=153300020015 New=??
Change Value of Parameter Stock ID in Part R? Old=? New=??
Change Value of Parameter Stock ID in Part R? Old=103300010096 New=??
Change Value of Parameter Stock ID in Part R? Old=153300020010 New=??
Change Value of Parameter Stock ID in Part R? Old=102200800009 New=??
Change Value of Parameter Stock ID in Part R? Old=153300020124 New=??
Change Value of Parameter Stock ID in Part R? Old=153300020126 New=??
Change Value of Parameter Stock ID in Part R? Old=Chip Resistor 12K, %1, 1/10W, 0603 New=??
Change Value of Parameter Stock ID in Part R? Old=103300010105 New=??
Change Value of Parameter Stock ID in Part R? Old=153300020140 New=??
Change Value of Parameter Stock ID in Part R? Old=153300020128 New=??
Change Value of Parameter Stock ID in Part R? Old=153300020028 New=??
Change Value of Parameter Stock ID in Part R? Old=153300020139 New=??
Change Value of Parameter Stock ID in Part R? Old=153300020129 New=??
Change Value of Parameter Stock ID in Part R? Old=153300020026 New=??
Change Value of Parameter Stock ID in Part R? Old=153300020130 New=??
Change Value of Parameter Stock ID in Part R? Old=? New=??
Change Value of Parameter Stock ID in Part R? Old=102200800004 New=??
Change Value of Parameter Stock ID in Part R? Old=153300020057 New=??
Change Value of Parameter Stock ID in Part R? Old=153300020137 New=??
Change Value of Parameter Stock ID in Part R? Old=103300010113 New=??
Change Value of Parameter Stock ID in Part R? Old=153300020054 New=??
Change Value of Parameter Stock ID in Part R? Old=153300020052 New=??
Change Value of Parameter Stock ID in Part R? Old=153300020050 New=??
Change Value of Parameter Stock ID in Part R? Old=? New=??
Change Value of Parameter Stock ID in Part R? Old=103300010127 New=??
Change Value of Parameter Stock ID in Part R? Old=153300020029 New=??
Change Value of Parameter Stock ID in Part R? Old=? New=??
Change Value of Parameter Stock ID in Part R? Old=? New=??
Change Value of Parameter Stock ID in Part R? Old=? New=??
Change Value of Parameter Stock ID in Part R? Old=? New=??
Change Value of Parameter Stock ID in Part R? Old=? New=??
Change Value of Parameter Stock ID in Part R? Old=? New=??
Change Value of Parameter Stock ID in Part R? Old=? New=??
Change Value of Parameter Stock ID in Part R? Old=? New=??
Change Value of Parameter Stock ID in Part R? Old=? New=??
Change Value of Parameter Stock ID in Part R? Old=? New=??
Change Value of Parameter Stock ID in Part R? Old=? New=??
Change Value of Parameter Stock ID in Part R? Old=? New=??
Change Value of Parameter Stock ID in Part R? Old=? New=??
Change Value of Parameter Stock ID in Part R? Old=? New=??
Change Value of Parameter Stock ID in Part R? Old=? New=??
Change Value of Parameter Stock ID in Part R? Old=? New=??
Change Value of Parameter Stock ID in Part R? Old=? New=??
Change Value of Parameter Stock ID in Part R? Old=? New=??
Change Value of Parameter Stock ID in Part R? Old=? New=??
Change Value of Parameter Stock ID in Part R? Old=? New=??
Change Value of Parameter Stock ID in Part R? Old=? New=??
Change Value of Parameter Stock ID in Part R? Old=? New=??
Change Value of Parameter Stock ID in Part R? Old=? New=??
Change Value of Parameter Stock ID in Part R? Old=? New=??
Change Value of Parameter Stock ID in Part R? Old=? New=??
Change Value of Parameter Stock ID in Part R? Old=? New=??
Change Value of Parameter Stock ID in Part R? Old=? New=??
Change Value of Parameter Stock ID in Part R? Old=? New=??
Change Value of Parameter Stock ID in Part R? Old=? New=??
Change Value of Parameter Stock ID in Part R? Old=? New=??
Change Value of Parameter Stock ID in Part R? Old=? New=??
Change Value of Parameter Stock ID in Part R? Old=? New=??
Change Value of Parameter Stock ID in Part R? Old=? New=??
Change Value of Parameter Stock ID in Part R? Old=? New=??
Change Value of Parameter Stock ID in Part R? Old=? New=??
Change Value of Parameter Stock ID in Part R? Old=? New=??
Change Value of Parameter Stock ID in Part R? Old=? New=??
Change Value of Parameter Stock ID in Part R? Old=153300020020 New=??
Change Value of Parameter Stock ID in Part R? Old=? New=??
Change Value of Parameter Stock ID in Part R? Old=? New=??
Change Value of Parameter Stock ID in Part R? Old=? New=??
Change Value of Parameter Stock ID in Part R? Old=? New=??
Change Value of Parameter Stock ID in Part R? Old=? New=??
Change Value of Parameter Stock ID in Part R? Old=153300020142 New=??
Change Value of Parameter Stock ID in Part R? Old=153300020008 New=??
Change Value of Parameter Stock ID in Part R? Old=? New=??
Change Value of Parameter Stock ID in Part R? Old=? New=??
Change Value of Parameter Stock ID in Part R? Old=? New=??
Change Value of Parameter Stock ID in Part R? Old=? New=??
Added Parameter Stock ID=?? to Part R?
