Removed Parameter SAP Tanim:- from Part D?
Removed Parameter SAP Tanim:- from Part LED?
Removed Parameter SAP Tanim:- from Part LED?
Removed Parameter SAP Tanim:- from Part LED?
Removed Parameter SAP Tanim:- from Part TVS?
Removed Parameter SAP Tanim:- from Part TVS?
Removed Parameter SAP Tanim:- from Part LED?
Removed Parameter SAP Tanim:- from Part LD?
Removed Parameter SAP Tanim:- from Part TVS?
Removed Parameter SAP Tanim:- from Part D?
Removed Parameter SAP Tanim:- from Part D?
Removed Parameter SAP Tanim:- from Part D?
Removed Parameter SAP Tanim:- from Part D?
Removed Parameter SAP Tanim:- from Part TVS?
Removed Parameter SAP Tanim:- from Part D?
Removed Parameter SAP Tanim:- from Part D?
Removed Parameter SAP Tanim:- from Part D?
Removed Parameter SAP Tanim:- from Part LED?
Removed Parameter SAP Tanim:- from Part LED?
Removed Parameter SAP Tanim:- from Part LED?
Removed Parameter SAP Tanim:- from Part LED?
Removed Parameter SAP Tanim:- from Part D?
Removed Parameter SAP Tanim:- from Part D?
Removed Parameter SAP Tanim:- from Part D?
Removed Parameter SAP Tanim:- from Part D?
Removed Parameter SAP Tanim:- from Part TVS?
Removed Parameter SAP Tanim:- from Part D?
Removed Parameter SAP Tanim:- from Part TVS?
Removed Parameter SAP Tanim:- from Part TVS?
Removed Parameter SAP Tanim:- from Part TVS?
Removed Parameter SAP Tanim:- from Part TVS?
Removed Parameter SAP Tanim:- from Part TVS?
Removed Parameter SAP Tanim:- from Part D?
Removed Parameter SAP Tanim:- from Part D?
Removed Parameter SAP Tanim:- from Part D?
Removed Parameter SAP Tanim:- from Part D?
Removed Parameter SAP Tanim:- from Part D?
Removed Parameter SAP Tanim:- from Part D?
Removed Parameter SAP Tanim:- from Part D?
Removed Parameter SAP Tanim:Led diode 155124M172400 from Part LED?
Removed Parameter SAP Tanim:Led RGB 150066M153000 from Part LED?
Removed Parameter SAP Tanim:Schottky diode B140WS-7 from Part D?
Removed Parameter SAP Tanim:Schottky diode B0540WS-7 from Part D?
Removed Parameter SAP Tanim:Tvs diode SC1006-01LTG from Part D?
Removed Parameter SAP Tanim:Tvs diode SC1105-01UTG from Part D?
Removed Parameter SAP Tanim:Tvs diode SC1205-01ETG from Part D?
Removed Parameter SAP Tanim:Tvs diode SP0402U-ULC-02ETG from Part D?
Removed Parameter SAP Tanim:Tvs diode SP1001-05XTG from Part D?
Removed Parameter SAP Tanim:Tvs diode SP1012-05WTG from Part D?
Removed Parameter SAP Tanim:Tvs Diodes Srv05-4.Tct from Part D?
