Removed Parameter SAP Tanim:- from Part C?
Removed Parameter SAP Tanim:- from Part C?
Removed Parameter SAP Tanim:- from Part C?
Removed Parameter SAP Tanim:- from Part C?
Removed Parameter SAP Tanim:- from Part C?
Removed Parameter SAP Tanim:- from Part C?
Removed Parameter SAP Tanim:- from Part C?
Removed Parameter SAP Tanim:- from Part C?
Removed Parameter SAP Tanim:- from Part C?
Removed Parameter SAP Tanim:- from Part C?
Removed Parameter SAP Tanim:- from Part C?
Removed Parameter SAP Tanim:- from Part C?
Removed Parameter SAP Tanim:- from Part C?
Removed Parameter SAP Tanim:- from Part C?
Removed Parameter SAP Tanim:- from Part C?
Removed Parameter SAP Tanim:- from Part C?
Removed Parameter SAP Tanim:- from Part C?
Removed Parameter SAP Tanim:- from Part C?
Removed Parameter SAP Tanim:- from Part C?
Removed Parameter SAP Tanim:- from Part C?
Removed Parameter SAP Tanim:- from Part C?
Removed Parameter SAP Tanim:- from Part C?
Removed Parameter SAP Tanim:- from Part C?
Removed Parameter SAP Tanim:- from Part C?
Removed Parameter SAP Tanim:- from Part C?
Removed Parameter SAP Tanim:- from Part C?
Removed Parameter SAP Tanim:- from Part C?
Removed Parameter SAP Tanim:- from Part C?
Removed Parameter SAP Tanim:- from Part C?
Removed Parameter SAP Tanim:- from Part C?
Removed Parameter SAP Tanim:- from Part VC?
Removed Parameter SAP Tanim:- from Part C?
Removed Parameter SAP Tanim:- from Part C?
Removed Parameter SAP Tanim:Ceramic cap 180pF 50V C0G 5% 0402 125C from Part C?
Removed Parameter SAP Tanim:Ceramic capacitor 0.3pF 50V C0G 0402 from Part C?
Removed Parameter SAP Tanim:Ceramic capacitor 0.5pF 50V C0G 0402 from Part C?
Removed Parameter SAP Tanim:Ceramic capacitor 1nF 50V X7R 0402 from Part C?
Removed Parameter SAP Tanim:Ceramic capacitor 1uF 6.3V X5R 0402 from Part C?
Removed Parameter SAP Tanim:Ceramic capacitor 1uF 50V X5R 0402 from Part C?
Removed Parameter SAP Tanim:Ceramic capacitor 2.2uF 25V X5R 0402 from Part C?
Removed Parameter SAP Tanim:Ceramic capacitor 3.9pF 50V C0G 0402 from Part C?
Removed Parameter SAP Tanim:Ceramic capacitor 4.7uF 10V X5R 0402 from Part C?
Removed Parameter SAP Tanim:Ceramic capacitor 10nF 50V X7R 0402 from Part C?
Removed Parameter SAP Tanim:Ceramic capacitor 10pF 50V NP0 0402 from Part C?
Removed Parameter SAP Tanim:Ceramic capacitor 10uF 6.3V X5R 0402 from Part C?
Removed Parameter SAP Tanim:Ceramic capacitor 15pF 50V NP0 0402 from Part C?
Removed Parameter SAP Tanim:Ceramic capacitor 22nF 10V X7R 0402 from Part C?
Removed Parameter SAP Tanim:Ceramic capacitor 22pF 50V NP0 0402 from Part C?
Removed Parameter SAP Tanim:Ceramic capacitor 33pF 50V NP0 0402 from Part C?
Removed Parameter SAP Tanim:Ceramic capacitor 47pF 50V NP0 0402 from Part C?
Removed Parameter SAP Tanim:Ceramic capacitor 56pF 50V NP0 0402 from Part C?
Removed Parameter SAP Tanim:Ceramic capacitor 82pF 50V C0G 0402 from Part C?
Removed Parameter SAP Tanim:Ceramic capacitor 100nF 10V X7R 0402 from Part C?
Removed Parameter SAP Tanim:Ceramic capacitor 100pF 50V NP0 0402 from Part C?
Removed Parameter SAP Tanim:Ceramic capacitor 120pF 50V NP0 0402 from Part C?
Removed Parameter SAP Tanim:Ceramic capacitor 220nF 10V X5R 0402 from Part C?
Removed Parameter SAP Tanim:Ceramic capacitor 330nF 10V X5R 0402 from Part C?
Removed Parameter SAP Tanim:Ceramic capacitor 470pF 50V NP0 0402 from Part C?
Removed Parameter SAP Tanim:Ceramic capacitor 680pF 50V C0G/NP0 0402 from Part C?
Removed Parameter SAP Tanim:Tantalum capacitor T491B107K006AT from Part C?
Change Value of Parameter Stock ID in Part C? Old=153300020007 New=??
Change Value of Parameter Stock ID in Part C? Old=153300020012 New=??
Change Value of Parameter Stock ID in Part C? Old=153300020103 New=??
Change Value of Parameter Stock ID in Part C? Old=153300020021 New=??
Change Value of Parameter Stock ID in Part C? Old=153300020056 New=??
Change Value of Parameter Stock ID in Part C? Old=153300020034 New=??
Change Value of Parameter Stock ID in Part C? Old=153300020055 New=??
Change Value of Parameter Stock ID in Part C? Old=153300020033 New=??
Change Value of Parameter Stock ID in Part C? Old=153300020030 New=??
Change Value of Parameter Stock ID in Part C? Old=153300020027 New=??
Change Value of Parameter Stock ID in Part C? Old=153300020048 New=??
Change Value of Parameter Stock ID in Part C? Old=153300020025 New=??
Change Value of Parameter Stock ID in Part C? Old=153300020046 New=??
Change Value of Parameter Stock ID in Part C? Old=153300020023 New=??
Change Value of Parameter Stock ID in Part C? Old=153300020038 New=??
Change Value of Parameter Stock ID in Part C? Old=153300020053 New=??
Change Value of Parameter Stock ID in Part C? Old=153300020049 New=??
Change Value of Parameter Stock ID in Part C? Old=153300020022 New=??
Change Value of Parameter Stock ID in Part C? Old=153300020040 New=??
Change Value of Parameter Stock ID in Part C? Old=153300020036 New=??
Change Value of Parameter Stock ID in Part C? Old=153300020011 New=??
Change Value of Parameter Stock ID in Part C? Old=153300020035 New=??
Change Value of Parameter Stock ID in Part C? Old=153300020014 New=??
Change Value of Parameter Stock ID in Part C? Old=153300020058 New=??
Change Value of Parameter Stock ID in Part C? Old=153300020039 New=??
Added Parameter Stock ID=?? to Part C?
Added Parameter Stock ID=?? to Part C?
