Removed Parameter SAP Tanim:- from Part IC?
Removed Parameter SAP Tanim:- from Part IC?
Removed Parameter SAP Tanim:- from Part IC?
Removed Parameter SAP Tanim:- from Part IC?
Removed Parameter SAP Tanim:- from Part IC?
Removed Parameter SAP Tanim:- from Part IC2
Removed Parameter SAP Tanim:- from Part IC?
Removed Parameter SAP Tanim:- from Part IC?
Removed Parameter SAP Tanim:- from Part IC?
Removed Parameter SAP Tanim:- from Part VR?
Removed Parameter SAP Tanim:- from Part IC?
Removed Parameter SAP Tanim:- from Part IC?
Removed Parameter SAP Tanim:- from Part IC?
Removed Parameter SAP Tanim:- from Part IC?
Removed Parameter SAP Tanim:- from Part IC?
Removed Parameter SAP Tanim:- from Part IC?
Removed Parameter SAP Tanim:- from Part IC?
Removed Parameter SAP Tanim:- from Part IC?
Removed Parameter SAP Tanim:- from Part IC?
Removed Parameter SAP Tanim:- from Part IC?
Removed Parameter SAP Tanim:- from Part IC?
Removed Parameter SAP Tanim:- from Part IC?
Removed Parameter SAP Tanim:- from Part IC?
Removed Parameter SAP Tanim:- from Part VR?
Removed Parameter SAP Tanim:- from Part VR?
Removed Parameter SAP Tanim:- from Part *
Removed Parameter SAP Tanim:- from Part IC?
Removed Parameter SAP Tanim:- from Part IC?
Removed Parameter SAP Tanim:- from Part IC?
Removed Parameter SAP Tanim:- from Part IC?
Removed Parameter SAP Tanim:- from Part *
Removed Parameter SAP Tanim:- from Part IC?
Removed Parameter SAP Tanim:- from Part IC?
Removed Parameter SAP Tanim:- from Part IC?
Removed Parameter SAP Tanim:- from Part IC?
Removed Parameter SAP Tanim:- from Part IC?
Removed Parameter SAP Tanim:- from Part IC?
Removed Parameter SAP Tanim:- from Part IC?
Removed Parameter SAP Tanim:- from Part IC?
Removed Parameter SAP Tanim:- from Part IC?
Removed Parameter SAP Tanim:- from Part IC?
Removed Parameter SAP Tanim:- from Part IC?
Removed Parameter SAP Tanim:- from Part IC?
Removed Parameter SAP Tanim:- from Part IC?
Removed Parameter SAP Tanim:- from Part IC?
Removed Parameter SAP Tanim:- from Part IC?
Removed Parameter SAP Tanim:- from Part IC?
Removed Parameter SAP Tanim:- from Part IC?
Removed Parameter SAP Tanim:- from Part IC?
Removed Parameter SAP Tanim:- from Part IC?
Removed Parameter SAP Tanim:- from Part IC?
Removed Parameter SAP Tanim:- from Part IC?
Removed Parameter SAP Tanim:- from Part IC?
Removed Parameter SAP Tanim:- from Part IC?
Removed Parameter SAP Tanim:- from Part U?
Removed Parameter SAP Tanim:- from Part IC?
Removed Parameter SAP Tanim:- from Part IC?
Removed Parameter SAP Tanim:- from Part IC?
Removed Parameter SAP Tanim:- from Part IC?
Removed Parameter SAP Tanim:- from Part IC?
Removed Parameter SAP Tanim:- from Part RG?
Removed Parameter SAP Tanim:- from Part OP?
Removed Parameter SAP Tanim:- from Part IC?
Removed Parameter SAP Tanim:- from Part OP?
Removed Parameter SAP Tanim:- from Part IC?
Removed Parameter SAP Tanim:- from Part IC?
Removed Parameter SAP Tanim:- from Part IC?
Removed Parameter SAP Tanim:- from Part IC?
Removed Parameter SAP Tanim:- from Part IC?
Removed Parameter SAP Tanim:- from Part IC?
Removed Parameter SAP Tanim:- from Part IC?
Removed Parameter SAP Tanim:- from Part IC?
Removed Parameter SAP Tanim:- from Part IC?
Removed Parameter SAP Tanim:- from Part IC?
Removed Parameter SAP Tanim:- from Part IC?
Removed Parameter SAP Tanim:Amplifier-Audio IC PAM8302AASCR from Part IC?
Removed Parameter SAP Tanim:Analog Switch IC 74LVC1G3157FZ4-7 from Part IC?
Removed Parameter SAP Tanim:Buffer non-invert Sot-25 74LVC1G17W5-7 from Part IC?
Removed Parameter SAP Tanim:Eeprom IC Sot-23-6 93LC66AT-I/OT from Part IC?
Removed Parameter SAP Tanim:Esim IC OC1120-0810VQFN8 from Part IC?
Removed Parameter SAP Tanim:Ethernet controller LAN9512I-JZX from Part IC?
Removed Parameter SAP Tanim:Mcu IC STM32U585VIT6Q from Part IC?
Removed Parameter SAP Tanim:Memory - Eeprom IC 24AA02UIDT-I/OT from Part IC?
Removed Parameter SAP Tanim:Nfc Driver IC ST25R3916B-AQWT from Part IC?
Removed Parameter SAP Tanim:Pmic-Dc/Dc Switching Reg IC AP5724FDCG-7 from Part IC?
Removed Parameter SAP Tanim:Pmic-Dc/Dc Switching Reg IC AP61100Z6-7 from Part IC?
Removed Parameter SAP Tanim:Pmic-Dc/Dc Switching Re IC AP6714M10G-13 from Part IC?
Removed Parameter SAP Tanim:Pmic - Linear Regulator IC AP7335-SNG-7 from Part IC?
Removed Parameter SAP Tanim:Power switch/driver Sot-23-6 AP22653W6-7 from Part IC?
Removed Parameter SAP Tanim:Smart Card Driver IC ST8034HCQR from Part IC?
Removed Parameter SAP Tanim:Usb Switch IC PI3USB221EZUAEX from Part IC?
