Change Value of Parameter Stock ID in Part IC? Old=153300020001 New=??
Change Value of Parameter Stock ID in Part IC? Old=153300020138 New=??
Change Value of Parameter Stock ID in Part IC? Old=153300020024 New=??
Change Value of Parameter Stock ID in Part IC? Old=153300020131 New=??
Change Value of Parameter Stock ID in Part IC? Old=153300020107 New=??
Change Value of Parameter Stock ID in Part IC? Old=153300020112 New=??
Change Value of Parameter Stock ID in Part IC? Old=153300020106 New=??
Change Value of Parameter Stock ID in Part IC? Old=153300020144 New=??
Change Value of Parameter Stock ID in Part IC? Old=153300020105 New=??
Change Value of Parameter Stock ID in Part IC? Old=153300020136 New=??
Change Value of Parameter Category in Part * Old=EEPROM New=INTEGRATED CIRCUITS
Change Value of Parameter Stock ID in Part IC? Old=153300020079 New=??
Change Value of Parameter Stock ID in Part IC? Old=153300020078 New=??
Change Value of Parameter Stock ID in Part IC? Old=153300020077 New=??
Change Value of Parameter Stock ID in Part IC? Old=153300020062 New=??
Change Value of Parameter Stock ID in Part IC? Old=153300020064 New=??
Change Value of Parameter Stock ID in Part IC? Old=153300020063 New=??
Added Parameter Case/Package=SOIC to Part *
Added Parameter Lead Free=Lead Free to Part *
Added Parameter Local Supplier=FUTURE to Part *
Added Parameter Max Operating Temperature= to Part IC?
Added Parameter Max Operating Temperature= to Part IC?
Added Parameter Max Operating Temperature= to Part IC?
Added Parameter Max Operating Temperature= to Part IC?
Added Parameter Max Operating Temperature= to Part IC?
Added Parameter Max Operating Temperature= to Part IC?
Added Parameter Max Operating Temperature= to Part IC?
Added Parameter Max Operating Temperature= to Part IC?
Added Parameter Max Operating Temperature= to Part IC?
Added Parameter Max Operating Temperature= to Part IC2
Added Parameter Max Operating Temperature= to Part IC?
Added Parameter Max Operating Temperature= to Part IC?
Added Parameter Max Operating Temperature= to Part IC?
Added Parameter Max Operating Temperature= to Part IC?
Added Parameter Max Operating Temperature= to Part IC?
Added Parameter Max Operating Temperature= to Part IC?
Added Parameter Max Operating Temperature= to Part IC?
Added Parameter Max Operating Temperature= to Part IC?
Added Parameter Max Operating Temperature= to Part VR?
Added Parameter Max Operating Temperature= to Part IC?
Added Parameter Max Operating Temperature= to Part IC?
Added Parameter Max Operating Temperature= to Part IC?
Added Parameter Max Operating Temperature= to Part IC?
Added Parameter Max Operating Temperature= to Part IC?
Added Parameter Max Operating Temperature= to Part IC?
Added Parameter Max Operating Temperature= to Part IC?
Added Parameter Max Operating Temperature= to Part IC?
Added Parameter Max Operating Temperature= to Part IC?
Added Parameter Max Operating Temperature= to Part IC?
Added Parameter Max Operating Temperature= to Part IC?
Added Parameter Max Operating Temperature= to Part IC?
Added Parameter Max Operating Temperature= to Part IC?
Added Parameter Max Operating Temperature= to Part IC?
Added Parameter Max Operating Temperature= to Part VR?
Added Parameter Max Operating Temperature= to Part VR?
Added Parameter Max Operating Temperature= to Part *
Added Parameter Max Operating Temperature= to Part IC?
Added Parameter Max Operating Temperature= to Part IC?
Added Parameter Max Operating Temperature= to Part IC?
Added Parameter Max Operating Temperature= to Part IC?
Added Parameter Max Operating Temperature= to Part *
Added Parameter Max Operating Temperature= to Part IC?
Added Parameter Max Operating Temperature= to Part IC?
Added Parameter Max Operating Temperature= to Part IC?
Added Parameter Max Operating Temperature= to Part IC?
Added Parameter Max Operating Temperature= to Part IC?
Added Parameter Max Operating Temperature= to Part IC?
Added Parameter Max Operating Temperature= to Part IC?
Added Parameter Max Operating Temperature= to Part IC?
Added Parameter Max Operating Temperature= to Part IC?
Added Parameter Max Operating Temperature= to Part IC?
Added Parameter Max Operating Temperature= to Part IC?
Added Parameter Max Operating Temperature= to Part IC?
Added Parameter Max Operating Temperature= to Part IC?
Added Parameter Max Operating Temperature= to Part IC?
Added Parameter Max Operating Temperature= to Part IC?
Added Parameter Max Operating Temperature= to Part IC?
Added Parameter Max Operating Temperature= to Part IC?
Added Parameter Max Operating Temperature= to Part IC?
Added Parameter Max Operating Temperature= to Part IC?
Added Parameter Max Operating Temperature= to Part IC?
Added Parameter Max Operating Temperature= to Part IC?
Added Parameter Max Operating Temperature= to Part IC?
Added Parameter Max Operating Temperature= to Part IC?
Added Parameter Max Operating Temperature= to Part IC?
Added Parameter Max Operating Temperature= to Part IC?
Added Parameter Max Operating Temperature= to Part IC?
Added Parameter Max Operating Temperature= to Part IC?
Added Parameter Max Operating Temperature= to Part U?
Added Parameter Max Operating Temperature= to Part IC?
Added Parameter Max Operating Temperature= to Part IC?
Added Parameter Max Operating Temperature= to Part IC?
Added Parameter Max Operating Temperature= to Part IC?
Added Parameter Max Operating Temperature= to Part IC?
Added Parameter Max Operating Temperature= to Part IC?
Added Parameter Max Operating Temperature= to Part RG?
Added Parameter Max Operating Temperature= to Part OP?
Added Parameter Max Operating Temperature= to Part IC?
Added Parameter Max Operating Temperature= to Part OP?
Added Parameter Max Operating Temperature= to Part IC?
Added Parameter Max Operating Temperature= to Part IC?
Added Parameter Max Operating Temperature= to Part IC?
Added Parameter Max Operating Temperature= to Part IC?
Added Parameter Max Operating Temperature= to Part IC?
Added Parameter Max Operating Temperature= to Part IC?
Added Parameter Max Operating Temperature= to Part IC?
Added Parameter Max Operating Temperature= to Part IC?
Added Parameter Max Operating Temperature= to Part IC?
Added Parameter Max Operating Temperature= to Part IC?
Added Parameter Max Operating Temperature= to Part IC?
Added Parameter Min Operating Temperature= to Part IC?
Added Parameter Min Operating Temperature= to Part IC?
Added Parameter Min Operating Temperature= to Part IC?
Added Parameter Min Operating Temperature= to Part IC?
Added Parameter Min Operating Temperature= to Part IC?
Added Parameter Min Operating Temperature= to Part IC?
Added Parameter Min Operating Temperature= to Part IC?
Added Parameter Min Operating Temperature= to Part IC?
Added Parameter Min Operating Temperature= to Part IC?
Added Parameter Min Operating Temperature= to Part IC2
Added Parameter Min Operating Temperature= to Part IC?
Added Parameter Min Operating Temperature= to Part IC?
Added Parameter Min Operating Temperature= to Part IC?
Added Parameter Min Operating Temperature= to Part IC?
Added Parameter Min Operating Temperature= to Part IC?
Added Parameter Min Operating Temperature= to Part IC?
Added Parameter Min Operating Temperature= to Part IC?
Added Parameter Min Operating Temperature= to Part IC?
Added Parameter Min Operating Temperature= to Part VR?
Added Parameter Min Operating Temperature= to Part IC?
Added Parameter Min Operating Temperature= to Part IC?
Added Parameter Min Operating Temperature= to Part IC?
Added Parameter Min Operating Temperature= to Part IC?
Added Parameter Min Operating Temperature= to Part IC?
Added Parameter Min Operating Temperature= to Part IC?
Added Parameter Min Operating Temperature= to Part IC?
Added Parameter Min Operating Temperature= to Part IC?
Added Parameter Min Operating Temperature= to Part IC?
Added Parameter Min Operating Temperature= to Part IC?
Added Parameter Min Operating Temperature= to Part IC?
Added Parameter Min Operating Temperature= to Part IC?
Added Parameter Min Operating Temperature= to Part IC?
Added Parameter Min Operating Temperature= to Part IC?
Added Parameter Min Operating Temperature= to Part VR?
Added Parameter Min Operating Temperature= to Part VR?
Added Parameter Min Operating Temperature= to Part *
Added Parameter Min Operating Temperature= to Part IC?
Added Parameter Min Operating Temperature= to Part IC?
Added Parameter Min Operating Temperature= to Part IC?
Added Parameter Min Operating Temperature= to Part IC?
Added Parameter Min Operating Temperature= to Part *
Added Parameter Min Operating Temperature= to Part IC?
Added Parameter Min Operating Temperature= to Part IC?
Added Parameter Min Operating Temperature= to Part IC?
Added Parameter Min Operating Temperature= to Part IC?
Added Parameter Min Operating Temperature= to Part IC?
Added Parameter Min Operating Temperature= to Part IC?
Added Parameter Min Operating Temperature= to Part IC?
Added Parameter Min Operating Temperature= to Part IC?
Added Parameter Min Operating Temperature= to Part IC?
Added Parameter Min Operating Temperature= to Part IC?
Added Parameter Min Operating Temperature= to Part IC?
Added Parameter Min Operating Temperature= to Part IC?
Added Parameter Min Operating Temperature= to Part IC?
Added Parameter Min Operating Temperature= to Part IC?
Added Parameter Min Operating Temperature= to Part IC?
Added Parameter Min Operating Temperature= to Part IC?
Added Parameter Min Operating Temperature= to Part IC?
Added Parameter Min Operating Temperature= to Part IC?
Added Parameter Min Operating Temperature= to Part IC?
Added Parameter Min Operating Temperature= to Part IC?
Added Parameter Min Operating Temperature= to Part IC?
Added Parameter Min Operating Temperature= to Part IC?
Added Parameter Min Operating Temperature= to Part IC?
Added Parameter Min Operating Temperature= to Part IC?
Added Parameter Min Operating Temperature= to Part IC?
Added Parameter Min Operating Temperature= to Part IC?
Added Parameter Min Operating Temperature= to Part IC?
Added Parameter Min Operating Temperature= to Part U?
Added Parameter Min Operating Temperature= to Part IC?
Added Parameter Min Operating Temperature= to Part IC?
Added Parameter Min Operating Temperature= to Part IC?
Added Parameter Min Operating Temperature= to Part IC?
Added Parameter Min Operating Temperature= to Part IC?
Added Parameter Min Operating Temperature= to Part IC?
Added Parameter Min Operating Temperature= to Part RG?
Added Parameter Min Operating Temperature= to Part OP?
Added Parameter Min Operating Temperature= to Part IC?
Added Parameter Min Operating Temperature= to Part OP?
Added Parameter Min Operating Temperature= to Part IC?
Added Parameter Min Operating Temperature= to Part IC?
Added Parameter Min Operating Temperature= to Part IC?
Added Parameter Min Operating Temperature= to Part IC?
Added Parameter Min Operating Temperature= to Part IC?
Added Parameter Min Operating Temperature= to Part IC?
Added Parameter Min Operating Temperature= to Part IC?
Added Parameter Min Operating Temperature= to Part IC?
Added Parameter Min Operating Temperature= to Part IC?
Added Parameter Min Operating Temperature= to Part IC?
Added Parameter Min Operating Temperature= to Part IC?
Added Parameter Mount=SMD to Part *
Added Parameter Purpose Of Usage=BASIC to Part *
Added Parameter SAP Tanim=- to Part *
Added Parameter Stock ID=?? to Part *
Added Parameter Sub-Category=MEMORY - EEPROM to Part *
