Removed Parameter SAP Tanim:- from Part Q?
Removed Parameter SAP Tanim:- from Part Q?
Removed Parameter SAP Tanim:- from Part Q?
Removed Parameter SAP Tanim:- from Part Q?
Removed Parameter SAP Tanim:- from Part Q?
Removed Parameter SAP Tanim:- from Part TR?
Removed Parameter SAP Tanim:- from Part TR?
Removed Parameter SAP Tanim:- from Part TR?
Removed Parameter SAP Tanim:- from Part TR?
Removed Parameter SAP Tanim:- from Part TR?
Removed Parameter SAP Tanim:- from Part TR?
Removed Parameter SAP Tanim:- from Part Q?
Removed Parameter SAP Tanim:- from Part TR?
Removed Parameter SAP Tanim:- from Part TR?
Removed Parameter SAP Tanim: from Part TR?
Removed Parameter SAP Tanim:N-Channel mosfets NX3008NBKW,115 from Part TR?
Removed Parameter SAP Tanim:P-Channel mosfets DMP2004UFG-7 from Part TR?
Removed Parameter SAP Tanimi:- from Part Q?
Removed Parameter SAP Tanimi:- from Part Q?
Removed Parameter SAP Tanimi:- from Part Q?
Removed Parameter SAP Tanimi:- from Part TR?
Removed Parameter SAP Tanimi:- from Part TR?
Removed Parameter SAP Tanimi:- from Part TR?
Removed Parameter SAP Tanimi:- from Part TR?
Removed Parameter SAP Tanimi:- from Part TR?
Removed Parameter SAP Tanimi:- from Part TR?
Removed Parameter SAP Tanimi:- from Part TR?
Removed Parameter SAP Tanimi:- from Part TR?
Removed Parameter SAP Tanimi:- from Part TR?
Removed Parameter SAP Tanimi: from Part TR?
Removed Parameter SAP Tanimi:Ke1 Transsistor Bc817-40-Tp from Part Q?
Removed Parameter SAP Tanimi:Npn transistor DDTC143ZCA-7-F from Part TR?
Removed Parameter SAP Tanimi:Npn transistor DTC114EM3T5G from Part Q?
Removed Parameter SAP Tanimi:Pnp transistor BC807-40,215 from Part Q?
Change Value of Parameter Category in Part Q? Old=TRANSISTOR New=BJT
Change Value of Parameter Stock ID in Part Q? Old=153300020093 New=??
Change Value of Parameter Category in Part Q? Old=TRANSISTOR New=BJT
Change Value of Parameter Stock ID in Part Q? Old=103300010036 New=??
Change Value of Parameter Category in Part Q? Old=TRANSISTOR New=BJT
Change Value of Parameter Category in Part Q? Old=TRANSISTOR New=BJT
Change Value of Parameter Category in Part Q? Old=TRANSISTOR New=BJT
Change Value of Parameter Category in Part TR? Old=TRANSISTOR New=BJT
Change Value of Parameter Category in Part TR? Old=TRANSISTOR New=BJT
Change Value of Parameter Stock ID in Part TR? Old=153300020090 New=??
Change Value of Parameter Stock ID in Part TR? Old=153300020089 New=??
Change Value of Parameter Stock ID in Part TR? Old= New=??
Change Value of Parameter Category in Part Q? Old=TRANSISTOR New=BJT
Change Value of Parameter Stock ID in Part Q? Old=153300020088 New=??
Change Value of Parameter Stock ID in Part TR? Old=153300020080 New=??
