Removed Parameter SAP Tanim:4G Anten mechanical EGA JCG162 from Part ANT?
Removed Parameter SAP Tanim:- from Part F?
Removed Parameter SAP Tanim:- from Part H?
Removed Parameter SAP Tanim:- from Part H?
Removed Parameter SAP Tanim:- from Part PAD?
Removed Parameter SAP Tanim:- from Part F?
Removed Parameter SAP Tanim:- from Part H?
Removed Parameter SAP Tanim:- from Part Pad?
Removed Parameter SAP Tanim:- from Part H?
Removed Parameter SAP Tanim:- from Part Mech?
Removed Parameter SAP Tanim:- from Part Mech?
Removed Parameter SAP Tanim:- from Part Mech?
Removed Parameter SAP Tanim:- from Part Mech?
Removed Parameter SAP Tanim:- from Part Mech?
Removed Parameter SAP Tanim:- from Part CON?
Removed Parameter SAP Tanim:- from Part LOGO?
Removed Parameter SAP Tanim:- from Part LOGO?
Removed Parameter SAP Tanim:- from Part LOGO?
Removed Parameter SAP Tanim:- from Part LOGO?
Removed Parameter SAP Tanim:- from Part LOGO?
Removed Parameter SAP Tanim:- from Part LOGO?
Removed Parameter SAP Tanim:- from Part CAM?
Removed Parameter SAP Tanim:- from Part Mech?
Removed Parameter SAP Tanim:- from Part Mech?
Removed Parameter SAP Tanim:- from Part Mech?
Removed Parameter SAP Tanim:- from Part Mech?
Removed Parameter SAP Tanim:- from Part LOGO?
Removed Parameter SAP Tanim:- from Part MECH?
Removed Parameter SAP Tanim:- from Part ANT?
Removed Parameter SAP Tanim:- from Part PCB?
Removed Parameter SAP Tanim:- from Part LOGO?
Removed Parameter SAP Tanim:- from Part LOGO ?
Removed Parameter SAP Tanim:- from Part Mech?
Removed Parameter SAP Tanim:- from Part CAM?
Removed Parameter SAP Tanim:- from Part ANT?
Removed Parameter SAP Tanim:- from Part ANT?
Removed Parameter SAP Tanim:- from Part ANT?
Removed Parameter SAP Tanim:- from Part Mech?
Removed Parameter SAP Tanim:Pogo- female presfit S-J-6717F-1-00-0000 from Part Mech?
Removed Parameter SAP Tanim:Pogo- Male J-3915PF-1-00-0000 from Part Mech?
Removed Parameter SAP Tanim:Spacer mechanical 9774090151R from Part Mech?
Removed Parameter SAP Tanim:Wire To Board mechanical 125CH-B-02 from Part Mech?
Removed Parameter SAP Tanim:Wire To Board mechanical 125CH-B-07 from Part Mech?
Removed Parameter SAP Tanim:Wire To Board mechanical 51021-0200 from Part Mech?
Removed Parameter SAP Tanim:Wire To Board mechanical 51021-0700 from Part Mech?
Change Value of Parameter Stock ID in Part Mech? Old=153300020098 New=??
Change Value of Parameter Stock ID in Part Mech? Old=153300020102 New=??
Change Value of Parameter Stock ID in Part Mech? Old=153300020098 New=??
Change Value of Parameter Stock ID in Part Mech? Old=153300020102 New=??
Change Value of Parameter Stock ID in Part Mech? Old=153300020110 New=??
Change Value of Parameter Stock ID in Part ANT? Old=153300020060 New=??
Change Value of Parameter Stock ID in Part Mech? Old=153300020122 New=??
Change Value of Parameter Stock ID in Part Mech? Old=153300020143 New=??
Change Value of Parameter Stock ID in Part CAM? Old=153300020117 New=??
Added Parameter Stock ID=?? to Part MECH?
