Removed Parameter SAP Tanim:- from Part FR?
Removed Parameter SAP Tanim:- from Part L?
Removed Parameter SAP Tanim:- from Part L?
Removed Parameter SAP Tanim:- from Part Chk?
Removed Parameter SAP Tanim:- from Part CM?
Removed Parameter SAP Tanim:- from Part TR?
Removed Parameter SAP Tanim:- from Part TR?
Removed Parameter SAP Tanim:- from Part L?
Removed Parameter SAP Tanim:- from Part L?
Removed Parameter SAP Tanim:- from Part L?
Removed Parameter SAP Tanim:- from Part L?
Removed Parameter SAP Tanim:- from Part L?
Removed Parameter SAP Tanim:- from Part L?
Removed Parameter SAP Tanim:?? from Part L?
Removed Parameter SAP Tanim:Common Mode Chokes Dual 90Ohm 100MHz 370mA SMD T/R 744232090 from Part CM?
Removed Parameter SAP Tanim:Common Mode Chokes  LCFE121002H900TG from Part CM?
Removed Parameter SAP Tanim:Ferrite Beads 0603 742792625 from Part L?
Removed Parameter SAP Tanim:Ferrite Beads inductors 742792651 from Part FR?
Removed Parameter SAP Tanim:Ferrite Beads inductors 7427927161 from Part L?
Removed Parameter SAP Tanim:Ferrite Beads inductors 74269242111   from Part L?
Removed Parameter SAP Tanim:Fixed inductors 744031220 from Part L?
Removed Parameter SAP Tanim:Fixed inductors  74404020022 from Part L?
Removed Parameter SAP Tanim:Fixed inductors 74404043033A from Part L?
Removed Parameter SAP Tanim:Fixed inductors inductors 74404024010 from Part L?
Removed Parameter SAP Tanim:Fixed inductors  MLJ1608WR27JT000 from Part L?
