Removed Parameter SAP Tanim:-- from Part CON?
Removed Parameter SAP Tanim:- from Part CON?
Removed Parameter SAP Tanim:- from Part CON?
Removed Parameter SAP Tanim:- from Part CON?
Removed Parameter SAP Tanim:- from Part CON?
Removed Parameter SAP Tanim:- from Part CON?
Removed Parameter SAP Tanim:- from Part CON?
Removed Parameter SAP Tanim:- from Part CON?
Removed Parameter SAP Tanim:- from Part CON?
Removed Parameter SAP Tanim:- from Part CON?
Removed Parameter SAP Tanim:- from Part CON?
Removed Parameter SAP Tanim:- from Part CON?
Removed Parameter SAP Tanim:- from Part CON?
Removed Parameter SAP Tanim:- from Part CON?
Removed Parameter SAP Tanim:- from Part CON?
Removed Parameter SAP Tanim:- from Part CON?
Removed Parameter SAP Tanim:- from Part CON?
Removed Parameter SAP Tanim:- from Part CON?
Removed Parameter SAP Tanim:- from Part CON?
Removed Parameter SAP Tanim:- from Part J?
Removed Parameter SAP Tanim:- from Part J?
Removed Parameter SAP Tanim:- from Part J?
Removed Parameter SAP Tanim:- from Part J?
Removed Parameter SAP Tanim:- from Part J?
Removed Parameter SAP Tanim:- from Part J?
Removed Parameter SAP Tanim:- from Part J?
Removed Parameter SAP Tanim:- from Part J?
Removed Parameter SAP Tanim:- from Part J?
Removed Parameter SAP Tanim:- from Part J?
Removed Parameter SAP Tanim:- from Part J?
Removed Parameter SAP Tanim:- from Part J?
Removed Parameter SAP Tanim:- from Part J?
Removed Parameter SAP Tanim:- from Part J?
Removed Parameter SAP Tanim:- from Part J?
Removed Parameter SAP Tanim:- from Part J?
Removed Parameter SAP Tanim:- from Part CON?
Removed Parameter SAP Tanim:- from Part CON?
Removed Parameter SAP Tanim:- from Part CON?
Removed Parameter SAP Tanim:- from Part CON?
Removed Parameter SAP Tanim:- from Part J?
Removed Parameter SAP Tanim:- from Part CON?
Removed Parameter SAP Tanim:- from Part CON?
Removed Parameter SAP Tanim:- from Part CON?
Removed Parameter SAP Tanim:- from Part CON?
Removed Parameter SAP Tanim:- from Part CON?
Removed Parameter SAP Tanim:- from Part CON?
Removed Parameter SAP Tanim:- from Part J?
Removed Parameter SAP Tanim:- from Part CON?
Removed Parameter SAP Tanim:- from Part CON?
Removed Parameter SAP Tanim:- from Part CON?
Removed Parameter SAP Tanim:- from Part CON?
Removed Parameter SAP Tanim:- from Part CON?
Removed Parameter SAP Tanim:- from Part CON?
Removed Parameter SAP Tanim:- from Part CON?
Removed Parameter SAP Tanim:- from Part CON?
Removed Parameter SAP Tanim:- from Part CON?
Removed Parameter SAP Tanim:- from Part SMA?
Removed Parameter SAP Tanim:- from Part CON?
Removed Parameter SAP Tanim:- from Part CON?
Removed Parameter SAP Tanim:- from Part CON?
Removed Parameter SAP Tanim:- from Part CON?
Removed Parameter SAP Tanim:- from Part CON?
Removed Parameter SAP Tanim:- from Part CON?
Removed Parameter SAP Tanim:- from Part J?
Removed Parameter SAP Tanim:- from Part CON?
Removed Parameter SAP Tanim:- from Part CON?
Removed Parameter SAP Tanim:- from Part SMA?
Removed Parameter SAP Tanim:- from Part CON?
Removed Parameter SAP Tanim:- from Part CON?
Removed Parameter SAP Tanim:- from Part CON?
Removed Parameter SAP Tanim:- from Part CON?
Removed Parameter SAP Tanim:- from Part CON?
Removed Parameter SAP Tanim:- from Part CON?
Removed Parameter SAP Tanim:- from Part CON?
Removed Parameter SAP Tanim:- from Part CON?
Removed Parameter SAP Tanim:- from Part CON?
Removed Parameter SAP Tanim:- from Part TP?
Removed Parameter SAP Tanim:Board To Board connectors AXE530127 from Part CON?
Removed Parameter SAP Tanim:Board To Wire connectors 0533984002 from Part CON?
Removed Parameter SAP Tanim:Board To Wire connectors 0533984002 from Part CON?
Removed Parameter SAP Tanim:Board To Wire connectors 0533984007 from Part CON?
Removed Parameter SAP Tanim:Board To Wire connectors 0533984007 from Part CON?
Removed Parameter SAP Tanim:Connector BF030-08A-B0-0600-0277-0600-LB from Part CON?
Removed Parameter SAP Tanim:Connector Socket BF100-08-A-C-0-0625-N-D from Part CON?
Removed Parameter SAP Tanim:Conn spring battery 009155004541006 from Part CON?
Removed Parameter SAP Tanim:Ffc Fpc connector 30Pos FFC2B35-30-T from Part CON?
Removed Parameter SAP Tanim: from Part CON?
Removed Parameter SAP Tanim:Lan ethernet transformer MTJ-88TX1-FS-M4T-SMT from Part CON?
Removed Parameter SAP Tanim:Rf / Coaxial Connectors  636101112001   from Part CON?
Removed Parameter SAP Tanim:Sd Card connectors MEM2067-02-180-00-A from Part CON?
Removed Parameter SAP Tanim:Sim Card connectors SIM5051-6-0-18-00-A from Part CON?
Removed Parameter SAP Tanim:Sim Card connectors SIM8060-6-1-14-00-A from Part CON?
Removed Parameter SAP Tanim:USB 2.0 Type A Receptacle WR-COM, Up Right, THT, Short Type from Part CON?
Removed Parameter SAP Tanim:Usb Type-C connectors USB4080-03-A from Part CON?
Change Value of Parameter Stock ID in Part CON? Old=153300020100 New=??
Change Value of Parameter Stock ID in Part CON? Old=153300020099 New=??
Change Value of Parameter Stock ID in Part CON? Old=153300020100 New=??
Change Value of Parameter Stock ID in Part CON? Old=153300020099 New=??
Change Value of Parameter Stock ID in Part CON? Old=153300020108 New=??
Change Value of Parameter Stock ID in Part CON? Old=153300020120 New=??
Change Value of Parameter Stock ID in Part CON? Old=153300020096 New=??
Change Value of Parameter Stock ID in Part CON? Old=153300020091 New=??
Change Value of Parameter Stock ID in Part CON? Old=153300020121 New=??
Change Value of Parameter Stock ID in Part CON? Old=103300010008 New=??
Change Value of Parameter Stock ID in Part CON? Old=153300020146 New=??
Change Value of Parameter Stock ID in Part CON? Old=-- New=??
Change Value of Parameter Stock ID in Part CON? Old= New=??
Change Value of Parameter Stock ID in Part CON? Old=153300020082 New=??
Change Value of Parameter Stock ID in Part CON? Old=153000000003 New=??
Change Value of Parameter Stock ID in Part CON? Old=153300020071 New=??
Change Value of Parameter Stock ID in Part CON? Old=153300020070 New=??
Change Value of Parameter Stock ID in Part CON? Old=153300020065 New=??
Change Value of Parameter Stock ID in Part CON? Old=153300020134 New=??
Added Parameter Stock ID=?? to Part CON?
